[2023-01-11 22:24:28] [INFO    ] discord.client: logging in using static token
[2023-01-11 22:24:29] [INFO    ] discord.gateway: Shard ID None has connected to Gateway (Session ID: 74dc805c43fc6d838d5efa40927d166c).
[2023-01-11 22:24:31] [ERROR   ] discord.client: Ignoring exception in on_ready
Traceback (most recent call last):
  File "/Users/user/Library/Caches/pypoetry/virtualenvs/discordbot-sloth-GwwNnJk6-py3.11/lib/python3.11/site-packages/discord/client.py", line 409, in _run_event
    await coro(*args, **kwargs)
  File "/Users/user/repos/discordbot/discordbot_sloth/__main__.py", line 502, in on_ready
    bot.states = load_states(bot)
                 ^^^^^^^^^^^^^^^^
  File "/Users/user/repos/discordbot/discordbot_sloth/StateLoader.py", line 18, in load_states
    A = dict((user, State(user, bot )) for user in y )
        ^^^^^^^^^^^^^^^^^^^^^^^^^^^^^^^^^^^^^^^^^^^^^^
  File "/Users/user/repos/discordbot/discordbot_sloth/StateLoader.py", line 18, in <genexpr>
    A = dict((user, State(user, bot )) for user in y )
                    ^^^^^^^^^^^^^^^^^
  File "/Users/user/repos/discordbot/discordbot_sloth/user/State.py", line 84, in __init__
    self.__setup__()
  File "/Users/user/repos/discordbot/discordbot_sloth/user/State.py", line 66, in __setup__
    self.pins = {(k,State.newPin(**v)) for k,v in A.items()}
                ^^^^^^^^^^^^^^^^^^^^^^^^^^^^^^^^^^^^^^^^^^^^
  File "/Users/user/repos/discordbot/discordbot_sloth/user/State.py", line 66, in <setcomp>
    self.pins = {(k,State.newPin(**v)) for k,v in A.items()}
                    ^^^^^^^^^^^^
AttributeError: type object 'State' has no attribute 'newPin'
[2023-01-11 22:40:32] [ERROR   ] discord.client: Ignoring exception in on_raw_reaction_add
Traceback (most recent call last):
  File "/Users/user/Library/Caches/pypoetry/virtualenvs/discordbot-sloth-GwwNnJk6-py3.11/lib/python3.11/site-packages/discord/client.py", line 409, in _run_event
    await coro(*args, **kwargs)
  File "/Users/user/repos/discordbot/discordbot_sloth/__main__.py", line 607, in on_raw_reaction_add
AttributeError: 'Bot' object has no attribute 'states'
